2020-05-12 16:43:34,288 INFO  o.s.t.c.support.DefaultTestContextBootstrapper.getDefaultTestExecutionListenerClassNames:248 - Loaded default TestExecutionListener class names from location [META-INF/spring.factories]: [org.springframework.test.context.web.ServletTestExecutionListener, org.springframework.test.context.support.DirtiesContextBeforeModesTestExecutionListener, org.springframework.test.context.support.DependencyInjectionTestExecutionListener, org.springframework.test.context.support.DirtiesContextTestExecutionListener, org.springframework.test.context.transaction.TransactionalTestExecutionListener, org.springframework.test.context.jdbc.SqlScriptsTestExecutionListener, org.springframework.test.context.event.EventPublishingTestExecutionListener]
2020-05-12 16:43:34,712 INFO  o.s.t.c.support.DefaultTestContextBootstrapper.getTestExecutionListeners:177 - Using TestExecutionListeners: [org.springframework.test.context.support.DirtiesContextBeforeModesTestExecutionListener@5a955565, org.springframework.test.context.support.DependencyInjectionTestExecutionListener@6293abcc, org.springframework.test.context.support.DirtiesContextTestExecutionListener@7995092a, org.springframework.test.context.transaction.TransactionalTestExecutionListener@7fc2413d, org.springframework.test.context.jdbc.SqlScriptsTestExecutionListener@f8c1ddd, org.springframework.test.context.event.EventPublishingTestExecutionListener@70be0a2b]
2020-05-12 16:43:42,428 INFO  org.hibernate.jpa.internal.util.LogHelper.logPersistenceUnitInformation:31 - HHH000204: Processing PersistenceUnitInfo [name: default]
2020-05-12 16:43:43,594 INFO  org.hibernate.Version.logVersion:44 - HHH000412: Hibernate ORM core version 5.4.14.Final
2020-05-12 16:43:45,930 INFO  org.hibernate.annotations.common.Version.<clinit>:49 - HCANN000001: Hibernate Commons Annotations {5.1.0.Final}
2020-05-12 16:43:48,727 INFO  org.hibernate.dialect.Dialect.<init>:172 - HHH000400: Using dialect: org.hibernate.dialect.PostgreSQL10Dialect
2020-05-12 16:43:51,540 INFO  org.hibernate.validator.internal.util.Version.<clinit>:21 - HV000001: Hibernate Validator 6.1.4.Final
2020-05-12 16:43:55,165 INFO  o.h.e.t.jta.platform.internal.JtaPlatformInitiator.initiateService:52 - HHH000490: Using JtaPlatform implementation: [org.hibernate.engine.transaction.jta.platform.internal.NoJtaPlatform]
2020-05-12 16:43:55,867 INFO  o.s.orm.jpa.LocalContainerEntityManagerFactoryBean.buildNativeEntityManagerFactory:416 - Initialized JPA EntityManagerFactory for persistence unit 'default'
2020-05-12 16:43:58,616 INFO  o.s.orm.jpa.LocalContainerEntityManagerFactoryBean.destroy:598 - Closing JPA EntityManagerFactory for persistence unit 'default'
2020-05-12 16:44:46,975 INFO  org.hibernate.jpa.internal.util.LogHelper.logPersistenceUnitInformation:31 - HHH000204: Processing PersistenceUnitInfo [name: default]
2020-05-12 16:44:47,165 INFO  org.hibernate.Version.logVersion:44 - HHH000412: Hibernate ORM core version 5.4.14.Final
2020-05-12 16:44:47,520 INFO  org.hibernate.annotations.common.Version.<clinit>:49 - HCANN000001: Hibernate Commons Annotations {5.1.0.Final}
2020-05-12 16:44:48,287 INFO  org.hibernate.dialect.Dialect.<init>:172 - HHH000400: Using dialect: org.hibernate.dialect.PostgreSQL10Dialect
2020-05-12 16:44:49,295 INFO  org.hibernate.validator.internal.util.Version.<clinit>:21 - HV000001: Hibernate Validator 6.1.4.Final
2020-05-12 16:44:50,614 INFO  o.h.e.t.jta.platform.internal.JtaPlatformInitiator.initiateService:52 - HHH000490: Using JtaPlatform implementation: [org.hibernate.engine.transaction.jta.platform.internal.NoJtaPlatform]
2020-05-12 16:44:50,891 INFO  o.s.orm.jpa.LocalContainerEntityManagerFactoryBean.buildNativeEntityManagerFactory:416 - Initialized JPA EntityManagerFactory for persistence unit 'default'
2020-05-12 16:44:51,022 INFO  ru.sj.beauty.web.user.AdminRestController.create:18 - create User{id=null, email=89151194188, name=Admin, enabled=true, roles=[ROLE_ADMIN], cellphone=admin@gmail.com}
2020-05-12 16:44:51,504 INFO  o.s.orm.jpa.LocalContainerEntityManagerFactoryBean.destroy:598 - Closing JPA EntityManagerFactory for persistence unit 'default'
2020-05-12 16:46:09,295 INFO  org.hibernate.jpa.internal.util.LogHelper.logPersistenceUnitInformation:31 - HHH000204: Processing PersistenceUnitInfo [name: default]
2020-05-12 16:46:10,134 INFO  org.hibernate.Version.logVersion:44 - HHH000412: Hibernate ORM core version 5.4.14.Final
2020-05-12 16:46:10,804 INFO  org.hibernate.annotations.common.Version.<clinit>:49 - HCANN000001: Hibernate Commons Annotations {5.1.0.Final}
2020-05-12 16:46:11,522 INFO  org.hibernate.dialect.Dialect.<init>:172 - HHH000400: Using dialect: org.hibernate.dialect.PostgreSQL10Dialect
2020-05-12 16:46:12,551 INFO  org.hibernate.validator.internal.util.Version.<clinit>:21 - HV000001: Hibernate Validator 6.1.4.Final
2020-05-12 16:46:14,062 INFO  o.h.e.t.jta.platform.internal.JtaPlatformInitiator.initiateService:52 - HHH000490: Using JtaPlatform implementation: [org.hibernate.engine.transaction.jta.platform.internal.NoJtaPlatform]
2020-05-12 16:46:14,349 INFO  o.s.orm.jpa.LocalContainerEntityManagerFactoryBean.buildNativeEntityManagerFactory:416 - Initialized JPA EntityManagerFactory for persistence unit 'default'
2020-05-12 16:46:14,542 INFO  ru.sj.beauty.web.user.AdminRestController.create:18 - create User{id=null, email=admin@gmail.com, name=Admin, enabled=true, roles=[ROLE_ADMIN], cellphone=89151194188}
2020-05-12 16:46:15,122 WARN  org.hibernate.engine.jdbc.spi.SqlExceptionHelper.logExceptions:137 - SQL Error: 0, SQLState: 23505
2020-05-12 16:46:15,122 ERROR org.hibernate.engine.jdbc.spi.SqlExceptionHelper.logExceptions:142 - ОШИБКА: повторяющееся значение ключа нарушает ограничение уникальности "users_unique_email_idx"
  Подробности: Ключ "(email)=(admin@gmail.com)" уже существует.
2020-05-12 16:46:15,157 INFO  o.s.orm.jpa.LocalContainerEntityManagerFactoryBean.destroy:598 - Closing JPA EntityManagerFactory for persistence unit 'default'
2020-05-12 16:49:32,511 INFO  org.hibernate.jpa.internal.util.LogHelper.logPersistenceUnitInformation:31 - HHH000204: Processing PersistenceUnitInfo [name: default]
2020-05-12 16:49:32,763 INFO  org.hibernate.Version.logVersion:44 - HHH000412: Hibernate ORM core version 5.4.14.Final
2020-05-12 16:49:33,653 INFO  org.hibernate.annotations.common.Version.<clinit>:49 - HCANN000001: Hibernate Commons Annotations {5.1.0.Final}
2020-05-12 16:49:34,581 INFO  org.hibernate.dialect.Dialect.<init>:172 - HHH000400: Using dialect: org.hibernate.dialect.PostgreSQL10Dialect
2020-05-12 16:49:35,611 INFO  org.hibernate.validator.internal.util.Version.<clinit>:21 - HV000001: Hibernate Validator 6.1.4.Final
2020-05-12 16:49:37,056 INFO  o.h.e.t.jta.platform.internal.JtaPlatformInitiator.initiateService:52 - HHH000490: Using JtaPlatform implementation: [org.hibernate.engine.transaction.jta.platform.internal.NoJtaPlatform]
2020-05-12 16:49:37,278 INFO  o.s.orm.jpa.LocalContainerEntityManagerFactoryBean.buildNativeEntityManagerFactory:416 - Initialized JPA EntityManagerFactory for persistence unit 'default'
2020-05-12 16:49:37,478 INFO  ru.sj.beauty.web.user.AdminRestController.create:18 - create User{id=null, email=admina@gmail.com, name=Admin1, enabled=true, roles=[ROLE_ADMIN], cellphone=89151194288}
2020-05-12 16:49:37,971 INFO  o.s.orm.jpa.LocalContainerEntityManagerFactoryBean.destroy:598 - Closing JPA EntityManagerFactory for persistence unit 'default'
